2024-01-08 12:58:17,174 - predict_logger - ERROR - Failed to initialize ModelPredictor: [Errno 2] No such file or directory: '/home/gianluca/Workspace/btc-prediction-lstm/scalers/close_scaler_BTC-USD.pkl'
2024-01-08 12:58:17,174 - predict_logger - ERROR - Error in main: [Errno 2] No such file or directory: '/home/gianluca/Workspace/btc-prediction-lstm/scalers/close_scaler_BTC-USD.pkl'
2024-01-08 13:15:06,357 - predict_logger - ERROR - Error in main: "None of [DatetimeIndex(['2024-01-09', '2024-01-10', '2024-01-11', '2024-01-12',\n               '2024-01-13', '2024-01-14', '2024-01-15', '2024-01-16',\n               '2024-01-17', '2024-01-18',\n               ...\n               '2024-11-07', '2024-11-08', '2024-11-09', '2024-11-10',\n               '2024-11-11', '2024-11-12', '2024-11-13', '2024-11-14',\n               '2024-11-15', '2024-11-16'],\n              dtype='datetime64[ns]', length=313, freq='D')] are in the [index]"
2024-01-08 13:15:33,628 - predict_logger - ERROR - Error in main: "None of [DatetimeIndex(['2024-01-09', '2024-01-10', '2024-01-11', '2024-01-12',\n               '2024-01-13', '2024-01-14', '2024-01-15', '2024-01-16',\n               '2024-01-17', '2024-01-18',\n               ...\n               '2024-11-07', '2024-11-08', '2024-11-09', '2024-11-10',\n               '2024-11-11', '2024-11-12', '2024-11-13', '2024-11-14',\n               '2024-11-15', '2024-11-16'],\n              dtype='datetime64[ns]', length=313, freq='D')] are in the [index]"
2024-01-08 13:20:06,734 - predict_logger - ERROR - Error in main: plot_predictions() missing 1 required positional argument: 'start_date'
2024-01-08 13:22:33,082 - predict_logger - ERROR - Error in main: plot_predictions() missing 1 required positional argument: 'save_path'
2024-01-08 13:28:43,419 - predict_logger - ERROR - Error in main: x and y must have same first dimension, but have shapes (373,) and (0,)
2024-01-08 13:30:06,146 - predict_logger - ERROR - Error in main: x and y must have same first dimension, but have shapes (373,) and (0,)
2024-01-08 13:32:29,546 - predict_logger - ERROR - Error in main: x and y must have same first dimension, but have shapes (313,) and (0, 1)
2024-01-08 13:35:43,659 - predict_logger - ERROR - Error in main: plot_predictions() missing 1 required positional argument: 'save_path'
2024-01-08 14:23:13,898 - predict_logger - ERROR - Error in main: _generate_range() got an unexpected keyword argument 'closed'
2024-01-08 14:24:53,061 - predict_logger - ERROR - Error in main: x and y must have same first dimension, but have shapes (373,) and (313,)
2024-01-08 14:26:32,221 - predict_logger - ERROR - Error in main: x and y must have same first dimension, but have shapes (373,) and (313,)
2024-01-08 14:29:27,626 - predict_logger - ERROR - Error in main: x and y must have same first dimension, but have shapes (373,) and (313,)
2024-01-08 14:30:04,889 - predict_logger - ERROR - Error in main: x and y must have same first dimension, but have shapes (373,) and (313,)
2024-01-08 14:34:58,460 - predict_logger - ERROR - Error in main: all the input arrays must have same number of dimensions, but the array at index 0 has 1 dimension(s) and the array at index 1 has 2 dimension(s)
2024-01-08 14:39:54,469 - predict_logger - INFO - Historical data starts on: 2023-01-01 00:00:00
2024-01-08 14:39:54,469 - predict_logger - INFO - Historical data ends on: 2024-01-08 00:00:00
2024-01-08 14:39:54,470 - predict_logger - INFO - Predictions start on: 2024-01-09 00:00:00
2024-01-08 14:39:54,470 - predict_logger - INFO - Predictions end on: 2024-11-16 00:00:00
2024-01-08 14:39:54,502 - predict_logger - ERROR - Error in main: x and y must have same first dimension, but have shapes (686,) and (626,)
2024-01-08 15:18:58,244 - predict_logger - INFO - Number of predictions made: 313
2024-01-08 15:18:58,247 - predict_logger - INFO - Historical data starts on: 2023-01-01 00:00:00
2024-01-08 15:18:58,247 - predict_logger - INFO - Historical data ends on: 2024-01-08 00:00:00
2024-01-08 15:18:58,247 - predict_logger - INFO - Predictions start on: 2024-01-09 00:00:00
2024-01-08 15:18:58,247 - predict_logger - INFO - Predictions end on: 2024-11-16 00:00:00
2024-01-08 15:18:58,279 - predict_logger - ERROR - Error in main: x and y must have same first dimension, but have shapes (686,) and (626,)
2024-01-08 15:20:00,052 - predict_logger - INFO - Number of predictions made: 313
2024-01-08 15:20:00,054 - predict_logger - INFO - Historical data starts on: 2023-01-01 00:00:00
2024-01-08 15:20:00,054 - predict_logger - INFO - Historical data ends on: 2024-01-08 00:00:00
2024-01-08 15:20:00,054 - predict_logger - INFO - Predictions start on: 2024-01-09 00:00:00
2024-01-08 15:20:00,054 - predict_logger - INFO - Predictions end on: 2024-03-08 00:00:00
2024-01-08 15:20:00,085 - predict_logger - ERROR - Error in main: x and y must have same first dimension, but have shapes (433,) and (120,)
2024-01-08 16:24:53,581 - predict_logger - INFO - Number of predictions made: 313
2024-01-08 16:24:53,583 - predict_logger - INFO - Historical data starts on: 2023-01-01 00:00:00
2024-01-08 16:24:53,583 - predict_logger - INFO - Historical data ends on: 2024-01-08 00:00:00
2024-01-08 16:24:53,583 - predict_logger - INFO - Predictions start on: 2024-01-09 00:00:00
2024-01-08 16:24:53,583 - predict_logger - INFO - Predictions end on: 2024-11-16 00:00:00
2024-01-08 16:24:53,616 - predict_logger - ERROR - Error in main: x and y must have same first dimension, but have shapes (686,) and (626,)
2024-01-08 16:39:50,745 - predict_logger - ERROR - Error in main: too many values to unpack (expected 3)
2024-01-10 11:09:44,378 - predict_logger - INFO - Number of predictions made: 313
2024-01-10 11:09:44,396 - predict_logger - INFO - Historical data starts on: 2023-01-01 00:00:00
2024-01-10 11:09:44,397 - predict_logger - INFO - Historical data ends on: 2024-01-08 00:00:00
2024-01-10 11:09:44,407 - predict_logger - INFO - Predictions start on: 2024-01-09 00:00:00
2024-01-10 11:09:44,407 - predict_logger - INFO - Predictions end on: 2024-11-16 00:00:00
2024-01-10 11:10:44,235 - predict_logger - INFO - Number of predictions made: 313
2024-01-10 11:10:44,247 - predict_logger - INFO - Historical data starts on: 2023-01-01 00:00:00
2024-01-10 11:10:44,248 - predict_logger - INFO - Historical data ends on: 2024-01-08 00:00:00
2024-01-10 11:10:44,261 - predict_logger - INFO - Predictions start on: 2024-01-09 00:00:00
2024-01-10 11:10:44,262 - predict_logger - INFO - Predictions end on: 2024-11-16 00:00:00
2024-01-10 11:15:40,143 - predict_logger - INFO - Number of predictions made: 313
2024-01-10 11:15:40,156 - predict_logger - INFO - Historical data starts on: 2023-01-01 00:00:00
2024-01-10 11:15:40,157 - predict_logger - INFO - Historical data ends on: 2024-01-08 00:00:00
2024-01-10 11:15:40,173 - predict_logger - INFO - Predictions start on: 2024-01-09 00:00:00
2024-01-10 11:15:40,174 - predict_logger - INFO - Predictions end on: 2024-11-16 00:00:00
2024-01-10 11:16:05,795 - predict_logger - INFO - Number of predictions made: 313
2024-01-10 11:16:05,801 - predict_logger - INFO - Historical data starts on: 2023-01-01 00:00:00
2024-01-10 11:16:05,801 - predict_logger - INFO - Historical data ends on: 2024-01-08 00:00:00
2024-01-10 11:16:05,808 - predict_logger - INFO - Predictions start on: 2024-01-09 00:00:00
2024-01-10 11:16:05,808 - predict_logger - INFO - Predictions end on: 2024-11-16 00:00:00
2024-01-10 11:16:30,259 - predict_logger - INFO - Number of predictions made: 313
2024-01-10 11:16:30,273 - predict_logger - INFO - Historical data starts on: 2023-01-01 00:00:00
2024-01-10 11:16:30,274 - predict_logger - INFO - Historical data ends on: 2024-01-08 00:00:00
